<?xml version="1.0" encoding="UTF-8"?>

<mule xmlns:tls="http://www.mulesoft.org/schema/mule/tls" xmlns:ee="http://www.mulesoft.org/schema/mule/ee/core"
	xmlns:http="http://www.mulesoft.org/schema/mule/http"
	xmlns="http://www.mulesoft.org/schema/mule/core" xmlns:doc="http://www.mulesoft.org/schema/mule/documentation" xmlns:xsi="http://www.w3.org/2001/XMLSchema-instance" xsi:schemaLocation="http://www.mulesoft.org/schema/mule/core http://www.mulesoft.org/schema/mule/core/current/mule.xsd
http://www.mulesoft.org/schema/mule/http http://www.mulesoft.org/schema/mule/http/current/mule-http.xsd
http://www.mulesoft.org/schema/mule/ee/core http://www.mulesoft.org/schema/mule/ee/core/current/mule-ee.xsd
http://www.mulesoft.org/schema/mule/tls http://www.mulesoft.org/schema/mule/tls/current/mule-tls.xsd">
	<http:listener-config name="HTTP_Listener_config" doc:name="HTTP Listener config" doc:id="b47ac1fa-3889-4031-b924-7ace765fe238" >
		<http:listener-connection host="0.0.0.0" port="${https.port}" protocol="HTTPS">
			<tls:context >
				<tls:key-store path="keystore-test.jks" alias="mule" keyPassword="mule@123" password="mule@123" type="jks"/>
			</tls:context>
		</http:listener-connection>
	</http:listener-config>
	<configuration-properties doc:name="Configuration properties" doc:id="3fea86f2-af9d-46c4-a773-7e90ee477e16" file="config-local.properties" />
	<flow name="test-appFlow" doc:id="1c5d0fc5-3816-44e3-8788-ee2ec1c16418" >
		<http:listener doc:name="Listener" doc:id="e12b422f-c156-47ac-88fc-55f53f6f2404" config-ref="HTTP_Listener_config" path="/hello"/>
		<ee:transform doc:name="Transform Message" doc:id="74ff84f5-5ca3-4cbe-b371-94f700d21224" >
			<ee:message >
				<ee:set-payload ><![CDATA[%dw 2.0
output application/json
---
{
	message: "Hello HTTPS Service!"
}]]></ee:set-payload>
			</ee:message>
		</ee:transform>
	</flow>
</mule>
